Flow report for fpga
Sun Apr 29 14:00:02 2018
Quartus Prime Version 17.1.0 Build 590 10/25/2017 SJ Lite Edition


---------------------
; Table of Contents ;
---------------------
  1. Legal Notice
  2. Flow Summary
  3. Flow Settings
  4. Flow Non-Default Global Settings
  5. Flow Elapsed Time
  6. Flow OS Summary
  7. Flow Log
  8. Flow Messages
  9. Flow Suppressed Messages



----------------
; Legal Notice ;
----------------
Copyright (C) 2017  Intel Corporation. All rights reserved.
Your use of Intel Corporation's design tools, logic functions 
and other software and tools, and its AMPP partner logic 
functions, and any output files from any of the foregoing 
(including device programming or simulation files), and any 
associated documentation or information are expressly subject 
to the terms and conditions of the Intel Program License 
Subscription Agreement, the Intel Quartus Prime License Agreement,
the Intel FPGA IP License Agreement, or other applicable license
agreement, including, without limitation, that your use is for
the sole purpose of programming logic devices manufactured by
Intel and sold by Intel or its authorized distributors.  Please
refer to the applicable agreement for further details.



+-------------------------------------------------------------------------------+
; Flow Summary                                                                  ;
+---------------------------------+---------------------------------------------+
; Flow Status                     ; Successful - Sun Apr 29 13:59:46 2018       ;
; Quartus Prime Version           ; 17.1.0 Build 590 10/25/2017 SJ Lite Edition ;
; Revision Name                   ; fpga                                        ;
; Top-level Entity Name           ; top                                         ;
; Family                          ; Cyclone V                                   ;
; Device                          ; 5CSEBA6U23I7                                ;
; Timing Models                   ; Final                                       ;
; Logic utilization (in ALMs)     ; 235 / 41,910 ( < 1 % )                      ;
; Total registers                 ; 472                                         ;
; Total pins                      ; 9 / 314 ( 3 % )                             ;
; Total virtual pins              ; 0                                           ;
; Total block memory bits         ; 1,024 / 5,662,720 ( < 1 % )                 ;
; Total DSP Blocks                ; 0 / 112 ( 0 % )                             ;
; Total HSSI RX PCSs              ; 0                                           ;
; Total HSSI PMA RX Deserializers ; 0                                           ;
; Total HSSI TX PCSs              ; 0                                           ;
; Total HSSI PMA TX Serializers   ; 0                                           ;
; Total PLLs                      ; 0 / 6 ( 0 % )                               ;
; Total DLLs                      ; 0 / 4 ( 0 % )                               ;
+---------------------------------+---------------------------------------------+


+-----------------------------------------+
; Flow Settings                           ;
+-------------------+---------------------+
; Option            ; Setting             ;
+-------------------+---------------------+
; Start date & time ; 04/29/2018 13:55:25 ;
; Main task         ; Compilation         ;
; Revision Name     ; fpga                ;
+-------------------+---------------------+


+---------------------------------------------------------------------------------------------------------------------------------------------------+
; Flow Non-Default Global Settings                                                                                                                  ;
+-------------------------------------+------------------------------------------------------------------+---------------+-------------+------------+
; Assignment Name                     ; Value                                                            ; Default Value ; Entity Name ; Section Id ;
+-------------------------------------+------------------------------------------------------------------+---------------+-------------+------------+
; COMPILER_SIGNATURE_ID               ; 62336540138329.152502812505917                                   ; --            ; --          ; --         ;
; ENABLE_SIGNALTAP                    ; On                                                               ; --            ; --          ; --         ;
; MAX_CORE_JUNCTION_TEMP              ; 100                                                              ; --            ; --          ; --         ;
; MIN_CORE_JUNCTION_TEMP              ; -40                                                              ; --            ; --          ; --         ;
; PARTITION_COLOR                     ; -- (Not supported for targeted family)                           ; --            ; top         ; Top        ;
; PARTITION_FITTER_PRESERVATION_LEVEL ; -- (Not supported for targeted family)                           ; --            ; top         ; Top        ;
; PARTITION_NETLIST_TYPE              ; -- (Not supported for targeted family)                           ; --            ; top         ; Top        ;
; PROJECT_OUTPUT_DIRECTORY            ; output_files                                                     ; --            ; --          ; --         ;
; SLD_FILE                            ; db/stp1_auto_stripped.stp                                        ; --            ; --          ; --         ;
; SLD_NODE_CREATOR_ID                 ; 110                                                              ; --            ; --          ; primitives ;
; SLD_NODE_ENTITY_NAME                ; sld_signaltap                                                    ; --            ; --          ; primitives ;
; SLD_NODE_PARAMETER_ASSIGNMENT       ; SLD_RAM_BLOCK_TYPE=AUTO                                          ; --            ; --          ; primitives ;
; SLD_NODE_PARAMETER_ASSIGNMENT       ; SLD_DATA_BITS=8                                                  ; --            ; --          ; primitives ;
; SLD_NODE_PARAMETER_ASSIGNMENT       ; SLD_TRIGGER_BITS=8                                               ; --            ; --          ; primitives ;
; SLD_NODE_PARAMETER_ASSIGNMENT       ; SLD_STORAGE_QUALIFIER_BITS=8                                     ; --            ; --          ; primitives ;
; SLD_NODE_PARAMETER_ASSIGNMENT       ; SLD_NODE_INFO=805334528                                          ; --            ; --          ; primitives ;
; SLD_NODE_PARAMETER_ASSIGNMENT       ; SLD_POWER_UP_TRIGGER=0                                           ; --            ; --          ; primitives ;
; SLD_NODE_PARAMETER_ASSIGNMENT       ; SLD_INVERSION_MASK=000000000000000000000000000000000000000000000 ; --            ; --          ; primitives ;
; SLD_NODE_PARAMETER_ASSIGNMENT       ; SLD_INVERSION_MASK_LENGTH=45                                     ; --            ; --          ; primitives ;
; SLD_NODE_PARAMETER_ASSIGNMENT       ; SLD_STORAGE_QUALIFIER_INVERSION_MASK_LENGTH=0                    ; --            ; --          ; primitives ;
; SLD_NODE_PARAMETER_ASSIGNMENT       ; SLD_SEGMENT_SIZE=128                                             ; --            ; --          ; primitives ;
; SLD_NODE_PARAMETER_ASSIGNMENT       ; SLD_ATTRIBUTE_MEM_MODE=OFF                                       ; --            ; --          ; primitives ;
; SLD_NODE_PARAMETER_ASSIGNMENT       ; SLD_STATE_FLOW_USE_GENERATED=0                                   ; --            ; --          ; primitives ;
; SLD_NODE_PARAMETER_ASSIGNMENT       ; SLD_STATE_BITS=11                                                ; --            ; --          ; primitives ;
; SLD_NODE_PARAMETER_ASSIGNMENT       ; SLD_BUFFER_FULL_STOP=1                                           ; --            ; --          ; primitives ;
; SLD_NODE_PARAMETER_ASSIGNMENT       ; SLD_CURRENT_RESOURCE_WIDTH=1                                     ; --            ; --          ; primitives ;
; SLD_NODE_PARAMETER_ASSIGNMENT       ; SLD_INCREMENTAL_ROUTING=1                                        ; --            ; --          ; primitives ;
; SLD_NODE_PARAMETER_ASSIGNMENT       ; SLD_TRIGGER_LEVEL=1                                              ; --            ; --          ; primitives ;
; SLD_NODE_PARAMETER_ASSIGNMENT       ; SLD_SAMPLE_DEPTH=128                                             ; --            ; --          ; primitives ;
; SLD_NODE_PARAMETER_ASSIGNMENT       ; SLD_TRIGGER_IN_ENABLED=0                                         ; --            ; --          ; primitives ;
; SLD_NODE_PARAMETER_ASSIGNMENT       ; SLD_TRIGGER_PIPELINE=0                                           ; --            ; --          ; primitives ;
; SLD_NODE_PARAMETER_ASSIGNMENT       ; SLD_RAM_PIPELINE=0                                               ; --            ; --          ; primitives ;
; SLD_NODE_PARAMETER_ASSIGNMENT       ; SLD_COUNTER_PIPELINE=0                                           ; --            ; --          ; primitives ;
; SLD_NODE_PARAMETER_ASSIGNMENT       ; SLD_ADVANCED_TRIGGER_ENTITY=basic,1,                             ; --            ; --          ; primitives ;
; SLD_NODE_PARAMETER_ASSIGNMENT       ; SLD_TRIGGER_LEVEL_PIPELINE=1                                     ; --            ; --          ; primitives ;
; SLD_NODE_PARAMETER_ASSIGNMENT       ; SLD_ENABLE_ADVANCED_TRIGGER=0                                    ; --            ; --          ; primitives ;
; TOP_LEVEL_ENTITY                    ; top                                                              ; fpga          ; --          ; --         ;
; USE_SIGNALTAP_FILE                  ; stp1.stp                                                         ; --            ; --          ; --         ;
+-------------------------------------+------------------------------------------------------------------+---------------+-------------+------------+


+-------------------------------------------------------------------------------------------------------------------------------+
; Flow Elapsed Time                                                                                                             ;
+---------------------------+--------------+-------------------------+---------------------+------------------------------------+
; Module Name               ; Elapsed Time ; Average Processors Used ; Peak Virtual Memory ; Total CPU Time (on all processors) ;
+---------------------------+--------------+-------------------------+---------------------+------------------------------------+
; Analysis & Synthesis      ; 00:00:25     ; 1.0                     ; 1094 MB             ; 00:00:56                           ;
; Fitter                    ; 00:00:54     ; 1.1                     ; 2509 MB             ; 00:01:30                           ;
; Assembler                 ; 00:00:09     ; 1.0                     ; 974 MB              ; 00:00:09                           ;
; TimeQuest Timing Analyzer ; 00:00:16     ; 1.1                     ; 1311 MB             ; 00:00:17                           ;
; Total                     ; 00:01:44     ; --                      ; --                  ; 00:02:52                           ;
+---------------------------+--------------+-------------------------+---------------------+------------------------------------+


+-----------------------------------------------------------------------------------------+
; Flow OS Summary                                                                         ;
+---------------------------+------------------+------------+------------+----------------+
; Module Name               ; Machine Hostname ; OS Name    ; OS Version ; Processor type ;
+---------------------------+------------------+------------+------------+----------------+
; Analysis & Synthesis      ; troylinux        ; Linux Mint ; 17         ; x86_64         ;
; Fitter                    ; troylinux        ; Linux Mint ; 17         ; x86_64         ;
; Assembler                 ; troylinux        ; Linux Mint ; 17         ; x86_64         ;
; TimeQuest Timing Analyzer ; troylinux        ; Linux Mint ; 17         ; x86_64         ;
+---------------------------+------------------+------------+------------+----------------+


------------
; Flow Log ;
------------
quartus_map --read_settings_files=on --write_settings_files=off fpga -c fpga
quartus_fit --read_settings_files=off --write_settings_files=off fpga -c fpga
quartus_asm --read_settings_files=off --write_settings_files=off fpga -c fpga
quartus_sta fpga -c fpga



